<?xml version="1.0" encoding="UTF-8"?>
<!-- Generated by org.testng.reporters.JUnitReportReporter -->
<testsuite hostname="anils-MSI-Prestige14" failures="0" tests="1" name="Chapter15_02_Selenium_40_Latest_Features" time="0.010" errors="0" timestamp="2024-11-02T13:27:37 EDT" skipped="0">
  <testcase classname="Chapter15_02_Selenium_40_Latest_Features" name="Demo" time="0.010"/>
</testsuite> <!-- Chapter15_02_Selenium_40_Latest_Features -->
