<?xml version="1.0" encoding="UTF-8"?>
<!-- Generated by org.testng.reporters.JUnitReportReporter -->
<testsuite hostname="anils-MSI-Prestige14" failures="0" tests="3" name="DataDriven4_chatGPTcode_dataProvider_and_mainMethod" time="0.009" errors="0" timestamp="2024-11-19T08:09:44 EST" skipped="0">
  <testcase classname="DataDriven4_chatGPTcode_dataProvider_and_mainMethod" name="testWithExcelData" time="0.001"/>
  <testcase classname="DataDriven4_chatGPTcode_dataProvider_and_mainMethod" name="testWithExcelData" time="0.001"/>
  <testcase classname="DataDriven4_chatGPTcode_dataProvider_and_mainMethod" name="testWithExcelData" time="0.007"/>
</testsuite> <!-- DataDriven4_chatGPTcode_dataProvider_and_mainMethod -->
