<?xml version="1.0" encoding="UTF-8"?>
<!-- Generated by org.testng.reporters.JUnitReportReporter -->
<testsuite hostname="anils-MSI-Prestige14" failures="0" tests="1" name="AnilsLearningPackage.ExtentReports.ExtentReportTest" time="3.481" errors="0" timestamp="2024-11-10T15:27:43 EST" skipped="0">
  <testcase classname="AnilsLearningPackage.ExtentReports.ExtentReportTest" name="initialDemo" time="3.481"/>
</testsuite> <!-- AnilsLearningPackage.ExtentReports.ExtentReportTest -->
